<?xml version="1.0" encoding="UTF-8"?>
<testng-results ignored="0" total="2" passed="2" failed="0" skipped="0">
  <reporter-output>
  </reporter-output>
  <suite started-at="2023-03-28T17:20:47Z" name="CMS Application Test Automation Test Suite" finished-at="2023-03-28T17:21:06Z" duration-ms="18775">
    <groups>
    </groups>
    <test started-at="2023-03-28T17:20:47Z" name="CMS App Test Cases" finished-at="2023-03-28T17:21:06Z" duration-ms="18775">
      <class name="cms.testCases.VerifyMedicareLinkTest">
        <test-method is-config="true" signature="setUp()[pri:0, instance:cms.testCases.VerifyMedicareLinkTest@75db5df9]" started-at="2023-03-28T13:20:47Z" name="setUp" finished-at="2023-03-28T13:20:55Z" duration-ms="8583" status="PASS">
          <reporter-output>
          </reporter-output>
        </test-method> <!-- setUp -->
        <test-method signature="clickMedicareLinkTest()[pri:1, instance:cms.testCases.VerifyMedicareLinkTest@75db5df9]" started-at="2023-03-28T13:20:55Z" name="clickMedicareLinkTest" finished-at="2023-03-28T13:20:56Z" duration-ms="770" status="PASS">
          <reporter-output>
          </reporter-output>
        </test-method> <!-- clickMedicareLinkTest -->
        <test-method is-config="true" signature="tearDown()[pri:0, instance:cms.testCases.VerifyMedicareLinkTest@75db5df9]" started-at="2023-03-28T13:20:56Z" name="tearDown" finished-at="2023-03-28T13:20:57Z" duration-ms="891" status="PASS">
          <reporter-output>
          </reporter-output>
        </test-method> <!-- tearDown -->
        <test-method is-config="true" signature="setUp()[pri:0, instance:cms.testCases.VerifyMedicareLinkTest@75db5df9]" started-at="2023-03-28T13:20:57Z" name="setUp" finished-at="2023-03-28T13:21:04Z" duration-ms="6641" status="PASS">
          <reporter-output>
          </reporter-output>
        </test-method> <!-- setUp -->
        <test-method signature="MedicarePageTitleTest()[pri:2, instance:cms.testCases.VerifyMedicareLinkTest@75db5df9]" started-at="2023-03-28T13:21:04Z" name="MedicarePageTitleTest" finished-at="2023-03-28T13:21:05Z" duration-ms="900" status="PASS">
          <reporter-output>
          </reporter-output>
        </test-method> <!-- MedicarePageTitleTest -->
        <test-method is-config="true" signature="tearDown()[pri:0, instance:cms.testCases.VerifyMedicareLinkTest@75db5df9]" started-at="2023-03-28T13:21:05Z" name="tearDown" finished-at="2023-03-28T13:21:06Z" duration-ms="950" status="PASS">
          <reporter-output>
          </reporter-output>
        </test-method> <!-- tearDown -->
      </class> <!-- cms.testCases.VerifyMedicareLinkTest -->
    </test> <!-- CMS App Test Cases -->
  </suite> <!-- CMS Application Test Automation Test Suite -->
</testng-results>
