<?xml version="1.0" encoding="UTF-8"?>
<testng-results ignored="0" total="2" passed="2" failed="0" skipped="0">
  <reporter-output>
  </reporter-output>
  <suite started-at="2023-03-29T14:57:20Z" name="CMS Application Test Automation Test Suite" finished-at="2023-03-29T14:57:36Z" duration-ms="16124">
    <groups>
    </groups>
    <test started-at="2023-03-29T14:57:20Z" name="CMS App Test Cases" finished-at="2023-03-29T14:57:36Z" duration-ms="16124">
      <class name="cms.testCases.VerifyMedicareLinkTest">
        <test-method is-config="true" signature="setUp()[pri:0, instance:cms.testCases.VerifyMedicareLinkTest@75db5df9]" started-at="2023-03-29T10:57:20Z" name="setUp" finished-at="2023-03-29T10:57:27Z" duration-ms="7320" status="PASS">
          <reporter-output>
          </reporter-output>
        </test-method> <!-- setUp -->
        <test-method signature="clickMedicareLinkTest()[pri:1, instance:cms.testCases.VerifyMedicareLinkTest@75db5df9]" started-at="2023-03-29T10:57:27Z" name="clickMedicareLinkTest" finished-at="2023-03-29T10:57:29Z" duration-ms="1226" status="PASS">
          <reporter-output>
          </reporter-output>
        </test-method> <!-- clickMedicareLinkTest -->
        <test-method is-config="true" signature="tearDown()[pri:0, instance:cms.testCases.VerifyMedicareLinkTest@75db5df9]" started-at="2023-03-29T10:57:29Z" name="tearDown" finished-at="2023-03-29T10:57:29Z" duration-ms="841" status="PASS">
          <reporter-output>
          </reporter-output>
        </test-method> <!-- tearDown -->
        <test-method is-config="true" signature="setUp()[pri:0, instance:cms.testCases.VerifyMedicareLinkTest@75db5df9]" started-at="2023-03-29T10:57:29Z" name="setUp" finished-at="2023-03-29T10:57:34Z" duration-ms="4695" status="PASS">
          <reporter-output>
          </reporter-output>
        </test-method> <!-- setUp -->
        <test-method signature="MedicarePageTitleTest()[pri:2, instance:cms.testCases.VerifyMedicareLinkTest@75db5df9]" started-at="2023-03-29T10:57:34Z" name="MedicarePageTitleTest" finished-at="2023-03-29T10:57:35Z" duration-ms="1109" status="PASS">
          <reporter-output>
          </reporter-output>
        </test-method> <!-- MedicarePageTitleTest -->
        <test-method is-config="true" signature="tearDown()[pri:0, instance:cms.testCases.VerifyMedicareLinkTest@75db5df9]" started-at="2023-03-29T10:57:35Z" name="tearDown" finished-at="2023-03-29T10:57:36Z" duration-ms="904" status="PASS">
          <reporter-output>
          </reporter-output>
        </test-method> <!-- tearDown -->
      </class> <!-- cms.testCases.VerifyMedicareLinkTest -->
    </test> <!-- CMS App Test Cases -->
  </suite> <!-- CMS Application Test Automation Test Suite -->
</testng-results>
