<?xml version="1.0" encoding="UTF-8"?>
<!-- Generated by org.testng.reporters.JUnitXMLReporter -->
<testsuite ignored="0" hostname="DESKTOP-2JBFBCA" failures="0" tests="2" name="CMS App Test Cases" time="18.775" errors="0" timestamp="28 Mar 2023 17:21:06 GMT">
  <testcase classname="cms.testCases.VerifyMedicareLinkTest" name="clickMedicareLinkTest" time="0.77"/>
  <testcase classname="cms.testCases.VerifyMedicareLinkTest" name="MedicarePageTitleTest" time="0.9"/>
</testsuite> <!-- CMS App Test Cases -->
