<?xml version="1.0" encoding="UTF-8"?>
<!-- Generated by org.testng.reporters.JUnitXMLReporter -->
<testsuite ignored="0" hostname="DESKTOP-2JBFBCA" failures="0" tests="2" name="CMS App Test Cases" time="16.124" errors="0" timestamp="29 Mar 2023 14:57:36 GMT">
  <testcase classname="cms.testCases.VerifyMedicareLinkTest" name="clickMedicareLinkTest" time="1.226"/>
  <testcase classname="cms.testCases.VerifyMedicareLinkTest" name="MedicarePageTitleTest" time="1.109"/>
</testsuite> <!-- CMS App Test Cases -->
